Determining if the pthread_create exist failed with the following output:
Change Dir: /home/uav/ROS/car/build/CMakeFiles/CMakeTmp

Run Build Command:"/usr/bin/make" "cmTC_cb56a/fast"
/usr/bin/make -f CMakeFiles/cmTC_cb56a.dir/build.make CMakeFiles/cmTC_cb56a.dir/build
make[1]: Entering directory '/home/uav/ROS/car/build/CMakeFiles/CMakeTmp'
Building C object CMakeFiles/cmTC_cb56a.dir/CheckSymbolExists.c.o
/usr/bin/cc     -o CMakeFiles/cmTC_cb56a.dir/CheckSymbolExists.c.o   -c /home/uav/ROS/car/build/CMakeFiles/CMakeTmp/CheckSymbolExists.c
Linking C executable cmTC_cb56a
/usr/bin/cmake -E cmake_link_script CMakeFiles/cmTC_cb56a.dir/link.txt --verbose=1
/usr/bin/cc       CMakeFiles/cmTC_cb56a.dir/CheckSymbolExists.c.o  -o cmTC_cb56a -rdynamic 
CMakeFiles/cmTC_cb56a.dir/CheckSymbolExists.c.o: In function `main':
CheckSymbolExists.c:(.text+0x16): undefined reference to `pthread_create'
collect2: error: ld returned 1 exit status
CMakeFiles/cmTC_cb56a.dir/build.make:97: recipe for target 'cmTC_cb56a' failed
make[1]: *** [cmTC_cb56a] Error 1
make[1]: Leaving directory '/home/uav/ROS/car/build/CMakeFiles/CMakeTmp'
Makefile:126: recipe for target 'cmTC_cb56a/fast' failed
make: *** [cmTC_cb56a/fast] Error 2

File /home/uav/ROS/car/build/CMakeFiles/CMakeTmp/CheckSymbolExists.c:
/* */
#include <pthread.h>

int main(int argc, char** argv)
{
  (void)argv;
#ifndef pthread_create
  return ((int*)(&pthread_create))[argc];
#else
  (void)argc;
  return 0;
#endif
}

Determining if the function pthread_create exists in the pthreads failed with the following output:
Change Dir: /home/uav/ROS/car/build/CMakeFiles/CMakeTmp

Run Build Command:"/usr/bin/make" "cmTC_94b85/fast"
/usr/bin/make -f CMakeFiles/cmTC_94b85.dir/build.make CMakeFiles/cmTC_94b85.dir/build
make[1]: Entering directory '/home/uav/ROS/car/build/CMakeFiles/CMakeTmp'
Building C object CMakeFiles/cmTC_94b85.dir/CheckFunctionExists.c.o
/usr/bin/cc    -DCHECK_FUNCTION_EXISTS=pthread_create   -o CMakeFiles/cmTC_94b85.dir/CheckFunctionExists.c.o   -c /usr/share/cmake-3.5/Modules/CheckFunctionExists.c
Linking C executable cmTC_94b85
/usr/bin/cmake -E cmake_link_script CMakeFiles/cmTC_94b85.dir/link.txt --verbose=1
/usr/bin/cc   -DCHECK_FUNCTION_EXISTS=pthread_create    CMakeFiles/cmTC_94b85.dir/CheckFunctionExists.c.o  -o cmTC_94b85 -rdynamic -lpthreads 
/usr/bin/ld: cannot find -lpthreads
collect2: error: ld returned 1 exit status
CMakeFiles/cmTC_94b85.dir/build.make:97: recipe for target 'cmTC_94b85' failed
make[1]: *** [cmTC_94b85] Error 1
make[1]: Leaving directory '/home/uav/ROS/car/build/CMakeFiles/CMakeTmp'
Makefile:126: recipe for target 'cmTC_94b85/fast' failed
make: *** [cmTC_94b85/fast] Error 2


